<?xml version="1.0" encoding="UTF-8"?>
<testsuite xmlns:xsi="http://www.w3.org/2001/XMLSchema-instance" xsi:noNamespaceSchemaLocation="https://maven.apache.org/surefire/maven-surefire-plugin/xsd/surefire-test-report.xsd" name="com.mycompany.app.AppTest" time="0.063" tests="1" errors="0" skipped="0" failures="0">
  <properties>
    <property name="sun.desktop" value="gnome"/>
    <property name="awt.toolkit" value="sun.awt.X11.XToolkit"/>
    <property name="java.specification.version" value="11"/>
    <property name="sun.cpu.isalist" value=""/>
    <property name="sun.jnu.encoding" value="UTF-8"/>
    <property name="java.class.path" value="/home/dylan/Documents/Robotics2021/mvnExample/my-app/target/test-classes:/home/dylan/Documents/Robotics2021/mvnExample/my-app/target/classes:/home/dylan/.m2/repository/junit/junit/4.11/junit-4.11.jar:/home/dylan/.m2/repository/org/hamcrest/hamcrest-core/1.3/hamcrest-core-1.3.jar:/home/dylan/.m2/repository/com/github/ev3dev-lang-java/lejos-navigation/0.2.3-SNAPSHOT/lejos-navigation-0.2.3-SNAPSHOT.jar:/home/dylan/.m2/repository/org/slf4j/slf4j-simple/1.7.25/slf4j-simple-1.7.25.jar:/home/dylan/.m2/repository/org/slf4j/slf4j-api/1.7.25/slf4j-api-1.7.25.jar:/home/dylan/.m2/repository/com/github/ev3dev-lang-java/ev3dev-lang-java/2.6.2-SNAPSHOT/ev3dev-lang-java-2.6.2-SNAPSHOT.jar:/home/dylan/.m2/repository/net/java/dev/jna/jna/4.5.2/jna-4.5.2.jar:/home/dylan/.m2/repository/com/github/ev3dev-lang-java/lejos-commons/0.7.3-SNAPSHOT/lejos-commons-0.7.3-SNAPSHOT.jar:"/>
    <property name="java.vm.vendor" value="Ubuntu"/>
    <property name="sun.arch.data.model" value="64"/>
    <property name="java.vendor.url" value="https://ubuntu.com/"/>
    <property name="user.timezone" value=""/>
    <property name="java.vm.specification.version" value="11"/>
    <property name="os.name" value="Linux"/>
    <property name="sun.java.launcher" value="SUN_STANDARD"/>
    <property name="user.country" value="GB"/>
    <property name="sun.boot.library.path" value="/usr/lib/jvm/java-11-openjdk-amd64/lib"/>
    <property name="sun.java.command" value="/home/dylan/Documents/Robotics2021/mvnExample/my-app/target/surefire/surefirebooter1091465905461805158.jar /home/dylan/Documents/Robotics2021/mvnExample/my-app/target/surefire 2021-08-18T13-26-25_440-jvmRun1 surefire864698964230148363tmp surefire_06911327323054141842tmp"/>
    <property name="jdk.debug" value="release"/>
    <property name="surefire.test.class.path" value="/home/dylan/Documents/Robotics2021/mvnExample/my-app/target/test-classes:/home/dylan/Documents/Robotics2021/mvnExample/my-app/target/classes:/home/dylan/.m2/repository/junit/junit/4.11/junit-4.11.jar:/home/dylan/.m2/repository/org/hamcrest/hamcrest-core/1.3/hamcrest-core-1.3.jar:/home/dylan/.m2/repository/com/github/ev3dev-lang-java/lejos-navigation/0.2.3-SNAPSHOT/lejos-navigation-0.2.3-SNAPSHOT.jar:/home/dylan/.m2/repository/org/slf4j/slf4j-simple/1.7.25/slf4j-simple-1.7.25.jar:/home/dylan/.m2/repository/org/slf4j/slf4j-api/1.7.25/slf4j-api-1.7.25.jar:/home/dylan/.m2/repository/com/github/ev3dev-lang-java/ev3dev-lang-java/2.6.2-SNAPSHOT/ev3dev-lang-java-2.6.2-SNAPSHOT.jar:/home/dylan/.m2/repository/net/java/dev/jna/jna/4.5.2/jna-4.5.2.jar:/home/dylan/.m2/repository/com/github/ev3dev-lang-java/lejos-commons/0.7.3-SNAPSHOT/lejos-commons-0.7.3-SNAPSHOT.jar:"/>
    <property name="sun.cpu.endian" value="little"/>
    <property name="user.home" value="/home/dylan"/>
    <property name="user.language" value="en"/>
    <property name="java.specification.vendor" value="Oracle Corporation"/>
    <property name="java.version.date" value="2021-04-20"/>
    <property name="java.home" value="/usr/lib/jvm/java-11-openjdk-amd64"/>
    <property name="file.separator" value="/"/>
    <property name="basedir" value="/home/dylan/Documents/Robotics2021/mvnExample/my-app"/>
    <property name="java.vm.compressedOopsMode" value="32-bit"/>
    <property name="line.separator" value="&#10;"/>
    <property name="java.specification.name" value="Java Platform API Specification"/>
    <property name="java.vm.specification.vendor" value="Oracle Corporation"/>
    <property name="java.awt.graphicsenv" value="sun.awt.X11GraphicsEnvironment"/>
    <property name="surefire.real.class.path" value="/home/dylan/Documents/Robotics2021/mvnExample/my-app/target/surefire/surefirebooter1091465905461805158.jar"/>
    <property name="sun.management.compiler" value="HotSpot 64-Bit Tiered Compilers"/>
    <property name="java.runtime.version" value="11.0.11+9-Ubuntu-0ubuntu2.20.04"/>
    <property name="user.name" value="dylan"/>
    <property name="path.separator" value=":"/>
    <property name="os.version" value="5.4.0-81-generic"/>
    <property name="java.runtime.name" value="OpenJDK Runtime Environment"/>
    <property name="file.encoding" value="UTF-8"/>
    <property name="java.vm.name" value="OpenJDK 64-Bit Server VM"/>
    <property name="localRepository" value="/home/dylan/.m2/repository"/>
    <property name="java.vendor.url.bug" value="https://bugs.launchpad.net/ubuntu/+source/openjdk-lts"/>
    <property name="java.io.tmpdir" value="/tmp"/>
    <property name="java.version" value="11.0.11"/>
    <property name="user.dir" value="/home/dylan/Documents/Robotics2021/mvnExample/my-app"/>
    <property name="os.arch" value="amd64"/>
    <property name="java.vm.specification.name" value="Java Virtual Machine Specification"/>
    <property name="java.awt.printerjob" value="sun.print.PSPrinterJob"/>
    <property name="sun.os.patch.level" value="unknown"/>
    <property name="java.library.path" value="/usr/java/packages/lib:/usr/lib/x86_64-linux-gnu/jni:/lib/x86_64-linux-gnu:/usr/lib/x86_64-linux-gnu:/usr/lib/jni:/lib:/usr/lib"/>
    <property name="java.vm.info" value="mixed mode, sharing"/>
    <property name="java.vendor" value="Ubuntu"/>
    <property name="java.vm.version" value="11.0.11+9-Ubuntu-0ubuntu2.20.04"/>
    <property name="sun.io.unicode.encoding" value="UnicodeLittle"/>
    <property name="java.class.version" value="55.0"/>
  </properties>
  <testcase name="shouldAnswerWithTrue" classname="com.mycompany.app.AppTest" time="0"/>
</testsuite>