<?xml version="1.0" encoding="UTF-8"?>
<testsuite name="gradleExample.AppTest" tests="1" skipped="0" failures="0" errors="0" timestamp="2021-08-09T17:00:38" hostname="dylan-pc" time="0.019">
  <properties/>
  <testcase name="appHasAGreeting()" classname="gradleExample.AppTest" time="0.019"/>
  <system-out><![CDATA[]]></system-out>
  <system-err><![CDATA[]]></system-err>
</testsuite>
